<?xml version="1.0" encoding="UTF-8"?>
<!-- Generated by org.testng.reporters.JUnitXMLReporter -->
<testsuite ignored="0" hostname="DESKTOP-OOH5VV8" failures="0" tests="3" name="Command line test" time="44.217" errors="0" timestamp="27 Sep 2021 07:43:38 GMT">
  <testcase classname="loginTest.AppTest" name="invalidLoginTest" time="0.032"/>
  <testcase classname="loginTest.AppTest" name="validLoginTest" time="0.0"/>
  <testcase classname="loginTest.udemyTest" name="doLogin" time="8.824"/>
</testsuite> <!-- Command line test -->
