<?xml version="1.0" encoding="UTF-8"?>
<testng-results ignored="0" total="3" passed="3" failed="0" skipped="0">
  <reporter-output>
  </reporter-output>
  <suite started-at="2021-09-27T07:42:53Z" name="Command line suite" finished-at="2021-09-27T07:43:37Z" duration-ms="44217">
    <groups>
    </groups>
    <test started-at="2021-09-27T07:42:53Z" name="Command line test" finished-at="2021-09-27T07:43:37Z" duration-ms="44217">
      <class name="loginTest.udemyTest">
        <test-method is-config="true" signature="beforeTest()[pri:0, instance:loginTest.udemyTest@76908cc0]" started-at="2021-09-27T07:42:53Z" name="beforeTest" finished-at="2021-09-27T07:43:25Z" duration-ms="31941" status="PASS">
          <reporter-output>
          </reporter-output>
        </test-method> <!-- beforeTest -->
        <test-method signature="doLogin()[pri:0, instance:loginTest.udemyTest@76908cc0]" started-at="2021-09-27T07:43:25Z" name="doLogin" finished-at="2021-09-27T07:43:34Z" duration-ms="8824" status="PASS">
          <reporter-output>
          </reporter-output>
        </test-method> <!-- doLogin -->
        <test-method is-config="true" signature="afterTest()[pri:0, instance:loginTest.udemyTest@76908cc0]" started-at="2021-09-27T07:43:34Z" name="afterTest" finished-at="2021-09-27T07:43:37Z" duration-ms="3357" status="PASS">
          <reporter-output>
          </reporter-output>
        </test-method> <!-- afterTest -->
      </class> <!-- loginTest.udemyTest -->
      <class name="loginTest.AppTest">
        <test-method signature="invalidLoginTest()[pri:0, instance:loginTest.AppTest@2473d930]" started-at="2021-09-27T07:43:25Z" name="invalidLoginTest" description="Invalid Test" finished-at="2021-09-27T07:43:25Z" duration-ms="32" status="PASS">
          <reporter-output>
          </reporter-output>
        </test-method> <!-- invalidLoginTest -->
        <test-method signature="validLoginTest()[pri:0, instance:loginTest.AppTest@2473d930]" started-at="2021-09-27T07:43:25Z" name="validLoginTest" description="Valid Test" finished-at="2021-09-27T07:43:25Z" duration-ms="0" status="PASS">
          <reporter-output>
          </reporter-output>
        </test-method> <!-- validLoginTest -->
      </class> <!-- loginTest.AppTest -->
    </test> <!-- Command line test -->
  </suite> <!-- Command line suite -->
</testng-results>
