<?xml version="1.0" encoding="UTF-8" ?>
<testsuite tests="3" failures="3" name="TestSuite" time="10.855" errors="0" skipped="0">
  <properties>
[...]
</properties>
  <testcase classname="loginTest.AppTest" name="invalidLoginTest" time="0.025">
    <failure message="login/App has been compiled by a more recent version of the Java Runtime (class file version 56.0), this version of the Java Runtime only recognizes class file versions up to 55.0" type="java.lang.UnsupportedClassVersionError">java.lang.UnsupportedClassVersionError: login/App has been compiled by a more recent version of the Java Runtime (class file version 56.0), this version of the Java Runtime only recognizes class file versions up to 55.0
	at java.base/java.lang.ClassLoader.defineClass1(Native Method)
	at java.base/java.lang.ClassLoader.defineClass(ClassLoader.java:1016)
	at java.base/java.security.SecureClassLoader.defineClass(SecureClassLoader.java:174)
	at java.base/jdk.internal.loader.BuiltinClassLoader.defineClass(BuiltinClassLoader.java:800)
	at java.base/jdk.internal.loader.BuiltinClassLoader.findClassOnClassPathOrNull(BuiltinClassLoader.java:698)
	at java.base/jdk.internal.loader.BuiltinClassLoader.loadClassOrNull(BuiltinClassLoader.java:621)
	at java.base/jdk.internal.loader.BuiltinClassLoader.loadClass(BuiltinClassLoader.java:579)
	at java.base/jdk.internal.loader.ClassLoaders$AppClassLoader.loadClass(ClassLoaders.java:178)
	at java.base/java.lang.ClassLoader.loadClass(ClassLoader.java:521)
	at loginTest.AppTest.invalidLoginTest(AppTest.java:21)
</failure>
    <system-out>Configuring TestNG with: org.apache.maven.surefire.testng.conf.TestNG652Configurator@6325a3ee
</system-out>
    <system-err>Starting ChromeDriver 92.0.4515.107 (87a818b10553a07434ea9e2b6dccf3cbe7895134-refs/branch-heads/4515@{#1634}) on port 41934
Only local connections are allowed.
Please see https://chromedriver.chromium.org/security-considerations for suggestions on keeping ChromeDriver safe.
ChromeDriver was started successfully.
[1632733957.539][WARNING]: This version of ChromeDriver has not been tested with Chrome version 93.
Sep 27, 2021 2:42:37 PM org.openqa.selenium.remote.ProtocolHandshake createSession
INFO: Detected dialect: W3C
</system-err>
  </testcase>
  <testcase classname="loginTest.AppTest" name="validLoginTest" time="0">
    <failure message="login/App has been compiled by a more recent version of the Java Runtime (class file version 56.0), this version of the Java Runtime only recognizes class file versions up to 55.0" type="java.lang.UnsupportedClassVersionError">java.lang.UnsupportedClassVersionError: login/App has been compiled by a more recent version of the Java Runtime (class file version 56.0), this version of the Java Runtime only recognizes class file versions up to 55.0
	at loginTest.AppTest.validLoginTest(AppTest.java:12)
</failure>
  </testcase>
  <testcase classname="loginTest.udemyTest" name="doLogin" time="10.83">
    <failure message="Cannot locate an element using xpath=//span[normalize-space()=&apos;Log in&apos;]
For documentation on this error, please visit: https://www.seleniumhq.org/exceptions/no_such_element.html
Build info: version: &apos;3.141.59&apos;, revision: &apos;e82be7d358&apos;, time: &apos;2018-11-14T08:17:03&apos;
System info: host: &apos;DESKTOP-OOH5VV8&apos;, ip: &apos;192.168.0.6&apos;, os.name: &apos;Windows 10&apos;, os.arch: &apos;amd64&apos;, os.version: &apos;10.0&apos;, java.version: &apos;11.0.11&apos;
Driver info: driver.version: RemoteWebDriver" type="org.openqa.selenium.NoSuchElementException">org.openqa.selenium.NoSuchElementException: Cannot locate an element using xpath=//span[normalize-space()=&apos;Log in&apos;]
For documentation on this error, please visit: https://www.seleniumhq.org/exceptions/no_such_element.html
Build info: version: &apos;3.141.59&apos;, revision: &apos;e82be7d358&apos;, time: &apos;2018-11-14T08:17:03&apos;
System info: host: &apos;DESKTOP-OOH5VV8&apos;, ip: &apos;192.168.0.6&apos;, os.name: &apos;Windows 10&apos;, os.arch: &apos;amd64&apos;, os.version: &apos;10.0&apos;, java.version: &apos;11.0.11&apos;
Driver info: driver.version: RemoteWebDriver
	at org.openqa.selenium.remote.RemoteWebDriver.findElement(RemoteWebDriver.java:327)
	at org.openqa.selenium.remote.RemoteWebDriver.findElementByXPath(RemoteWebDriver.java:428)
	at org.openqa.selenium.By$ByXPath.findElement(By.java:353)
	at org.openqa.selenium.remote.RemoteWebDriver.findElement(RemoteWebDriver.java:315)
	at loginTest.udemyTest.doLogin(udemyTest.java:31)
</failure>
  </testcase>
</testsuite>