<?xml version="1.0" encoding="UTF-8"?>
<testng-results ignored="0" total="1" passed="1" failed="0" skipped="0">
  <reporter-output>
  </reporter-output>
  <suite started-at="2021-09-27T06:44:46Z" name="Default suite" finished-at="2021-09-27T06:45:07Z" duration-ms="20921">
    <groups>
    </groups>
    <test started-at="2021-09-27T06:44:46Z" name="Default test" finished-at="2021-09-27T06:45:07Z" duration-ms="20921">
      <class name="loginTest.udemyTest">
        <test-method is-config="true" signature="beforeTest()[pri:0, instance:loginTest.udemyTest@4eaf3684]" started-at="2021-09-27T06:44:46Z" name="beforeTest" finished-at="2021-09-27T06:44:54Z" duration-ms="8328" status="PASS">
          <reporter-output>
          </reporter-output>
        </test-method> <!-- beforeTest -->
        <test-method signature="doLogin()[pri:0, instance:loginTest.udemyTest@4eaf3684]" started-at="2021-09-27T06:44:55Z" name="doLogin" finished-at="2021-09-27T06:45:03Z" duration-ms="8529" status="PASS">
          <reporter-output>
          </reporter-output>
        </test-method> <!-- doLogin -->
        <test-method is-config="true" signature="afterTest()[pri:0, instance:loginTest.udemyTest@4eaf3684]" started-at="2021-09-27T06:45:03Z" name="afterTest" finished-at="2021-09-27T06:45:07Z" duration-ms="4034" status="PASS">
          <reporter-output>
          </reporter-output>
        </test-method> <!-- afterTest -->
      </class> <!-- loginTest.udemyTest -->
    </test> <!-- Default test -->
  </suite> <!-- Default suite -->
</testng-results>
